Arguments: 
  E:\NodeJS\node.exe C:\Users\zavoi\AppData\Roaming\npm\node_modules\yarn\bin\yarn.js init

PATH: 
  C:\ProgramData\Oracle\Java\javapath;C:\WINDOWS\system32;C:\WINDOWS;C:\WINDOWS\System32\Wbem;C:\WINDOWS\System32\WindowsPowerShell\v1.0\;C:\WINDOWS\System32\OpenSSH\;C:\Program Files (x86)\NVIDIA Corporation\PhysX\Common;C:\Program Files\dotnet\;C:\Users\zavoi\AppData\Roaming\npm;E:\Go\bin;C:\ProgramData\chocolatey\bin;C:\Program Files\Git\cmd;C:\StrawBerry\c\bin;C:\StrawBerry\perl\site\bin;C:\StrawBerry\perl\bin;C:\Users\zavoi\.cargo\bin;E:\Python\Scripts\;E:\Python\;C:\Users\zavoi\AppData\Local\Microsoft\WindowsApps;E:\NodeJS;C:\Users\zavoi\AppData\Local\Programs\Microsoft VS Code\bin;C:\Users\zavoi\.dotnet\tools;C:\Users\zavoi\go\bin;C:\Program Files\heroku\bin;C:\Users\zavoi\.cargo\bin;C:\Program Files\OpenSSL-Win64\bin;C:\Program Files\OpenSSL-Win64;

Yarn version: 
  1.22.19

Node version: 
  14.16.0

Platform: 
  win32 x64

Trace: 
  Error: canceled
      at Interface.<anonymous> (C:\Users\zavoi\AppData\Roaming\npm\node_modules\yarn\lib\cli.js:137150:13)
      at Interface.emit (events.js:315:20)
      at Interface._ttyWrite (readline.js:875:16)
      at ReadStream.onkeypress (readline.js:213:10)
      at ReadStream.emit (events.js:315:20)
      at emitKeys (internal/readline/utils.js:345:14)
      at emitKeys.next (<anonymous>)
      at ReadStream.onData (readline.js:1144:36)
      at ReadStream.emit (events.js:315:20)
      at addChunk (internal/streams/readable.js:309:12)

npm manifest: 
  No manifest

yarn manifest: 
  No manifest

Lockfile: 
  No lockfile
